app/build/outputs/logs/manifest-merger-debug-report.txt
-- Merging decision tree log ---
manifest
ADDED from src\main\AndroidManifest.xml:2:1-213:12
INJECTED from src\main\AndroidManifest.xml:2:1-213:12
INJECTED from src\main\AndroidManifest.xml:2:1-213:12
INJECTED from src\main\AndroidManifest.xml:2:1-213:12
MERGED from [com.github.ittianyu:BottomNavigationViewEx:2.0.2] AndroidManifest.xml:2:1-14:12
MERGED from [com.android.support:design:28.0.0] AndroidManifest.xml:17:1-24:12
MERGED from [com.theartofdev.edmodo:android-image-cropper:2.7.0] AndroidManifest.xml:2:1-11:12
MERGED from [com.github.dmfs.color-picker:colorpicker-activity:1.1] AndroidManifest.xml:2:1-22:12
MERGED from [com.android.support:appcompat-v7:28.0.0] AndroidManifest.xml:17:1-22:12
MERGED from [com.android.support:animated-vector-drawable:28.0.0] AndroidManifest.xml:17:1-22:12
MERGED from [com.android.support:support-vector-drawable:28.0.0] AndroidManifest.xml:17:1-22:12
MERGED from [com.google.android.gms:play-services-maps:15.0.1] AndroidManifest.xml:17:1-32:12
MERGED from [com.google.android.gms:play-services-base:15.0.1] AndroidManifest.xml:17:1-29:12
MERGED from [com.google.android.gms:play-services-tasks:15.0.1] AndroidManifest.xml:2:1-9:12
MERGED from [com.google.android.gms:play-services-basement:15.0.1] AndroidManifest.xml:17:1-28:12
MERGED from [com.github.dmfs.color-picker:colorpicker:1.1] AndroidManifest.xml:2:1-10:12
MERGED from [com.android.support:support-v4:28.0.0] AndroidManifest.xml:17:1-22:12
MERGED from [com.squareup.picasso:picasso:2.71828] AndroidManifest.xml:2:1-14:12
MERGED from [com.android.support:exifinterface:28.0.0] AndroidManifest.xml:17:1-22:12
MERGED from [com.android.support.constraint:constraint-layout:1.1.2] AndroidManifest.xml:2:1-11:12
MERGED from [de.hdodenhof:circleimageview:2.1.0] AndroidManifest.xml:2:1-11:12
MERGED from [com.android.support:cardview-v7:28.0.0] AndroidManifest.xml:17:1-22:12
MERGED from [com.android.support:recyclerview-v7:28.0.0] AndroidManifest.xml:17:1-22:12
MERGED from [com.android.support:support-fragment:28.0.0] AndroidManifest.xml:17:1-22:12
MERGED from [com.android.support:support-core-ui:28.0.0] AndroidManifest.xml:17:1-22:12
MERGED from [com.android.support:support-core-utils:28.0.0] AndroidManifest.xml:17:1-22:12
MERGED from [com.android.support:transition:28.0.0] AndroidManifest.xml:17:1-22:12
MERGED from [com.android.support:viewpager:28.0.0] AndroidManifest.xml:17:1-22:12
MERGED from [com.android.support:coordinatorlayout:28.0.0] AndroidManifest.xml:17:1-22:12
MERGED from [com.android.support:drawerlayout:28.0.0] AndroidManifest.xml:17:1-22:12
MERGED from [com.android.support:slidingpanelayout:28.0.0] AndroidManifest.xml:17:1-22:12
MERGED from [com.android.support:customview:28.0.0] AndroidManifest.xml:17:1-22:12
MERGED from [com.android.support:swiperefreshlayout:28.0.0] AndroidManifest.xml:17:1-22:12
MERGED from [com.android.support:asynclayoutinflater:28.0.0] AndroidManifest.xml:17:1-22:12
MERGED from [com.android.support:loader:28.0.0] AndroidManifest.xml:17:1-22:12
MERGED from [com.android.support:support-media-compat:28.0.0] AndroidManifest.xml:17:1-22:12
MERGED from [com.android.support:support-compat:28.0.0] AndroidManifest.xml:17:1-24:12
MERGED from [com.android.support:versionedparcelable:28.0.0] AndroidManifest.xml:17:1-25:12
MERGED from [com.android.support:cursoradapter:28.0.0] AndroidManifest.xml:17:1-22:12
MERGED from [android.arch.lifecycle:runtime:1.1.1] AndroidManifest.xml:17:1-22:12
MERGED from [com.android.support:interpolator:28.0.0] AndroidManifest.xml:17:1-22:12
MERGED from [com.android.support:documentfile:28.0.0] AndroidManifest.xml:17:1-22:12
MERGED from [com.android.support:localbroadcastmanager:28.0.0] AndroidManifest.xml:17:1-22:12
MERGED from [com.android.support:print:28.0.0] AndroidManifest.xml:17:1-22:12
MERGED from [android.arch.lifecycle:viewmodel:1.1.1] AndroidManifest.xml:17:1-22:12
MERGED from [android.arch.lifecycle:livedata:1.1.1] AndroidManifest.xml:17:1-22:12
MERGED from [android.arch.lifecycle:livedata-core:1.1.1] AndroidManifest.xml:17:1-22:12
MERGED from [android.arch.core:runtime:1.1.1] AndroidManifest.xml:17:1-22:12
INJECTED from src\main\AndroidManifest.xml:2:1-213:12
INJECTED from src\main\AndroidManifest.xml:2:1-213:12
INJECTED from src\main\AndroidManifest.xml:2:1-213:12
	package
		ADDED from src\main\AndroidManifest.xml:4:5-45
		INJECTED from src\main\AndroidManifest.xml
		INJECTED from src\main\AndroidManifest.xml
	android:versionName
		INJECTED from src\main\AndroidManifest.xml
		ADDED from src\main\AndroidManifest.xml:2:1-213:12
		INJECTED from src\main\AndroidManifest.xml
	xmlns:tools
		ADDED from src\main\AndroidManifest.xml:3:5-51
	android:versionCode
		INJECTED from src\main\AndroidManifest.xml
		ADDED from src\main\AndroidManifest.xml:2:1-213:12
		INJECTED from src\main\AndroidManifest.xml
	xmlns:android
		ADDED from src\main\AndroidManifest.xml:2:11-69
uses-permission#android.permission.INTERNET
ADDED from src\main\AndroidManifest.xml:6:5-67
MERGED from [com.google.android.gms:play-services-maps:15.0.1] AndroidManifest.xml:24:5-67
MERGED from [com.google.android.gms:play-services-maps:15.0.1] AndroidManifest.xml:24:5-67
	android:name
		ADDED from src\main\AndroidManifest.xml:6:22-64
uses-permission#android.permission.CAMERA
ADDED from src\main\AndroidManifest.xml:7:5-65
	android:name
		ADDED from src\main\AndroidManifest.xml:7:22-62
uses-permission#android.permission.READ_EXTERNAL_STORAGE
ADDED from src\main\AndroidManifest.xml:8:5-80
	android:name
		ADDED from src\main\AndroidManifest.xml:8:22-77
uses-permission#android.permission.WRITE_EXTERNAL_STORAGE
ADDED from src\main\AndroidManifest.xml:9:5-81
	android:name
		ADDED from src\main\AndroidManifest.xml:9:22-78
uses-feature#android.hardware.camera
ADDED from src\main\AndroidManifest.xml:11:5-60
	android:name
		ADDED from src\main\AndroidManifest.xml:11:19-57
uses-feature#0x00020000
ADDED from src\main\AndroidManifest.xml:12:5-14:35
MERGED from [com.google.android.gms:play-services-maps:15.0.1] AndroidManifest.xml:26:5-28:35
MERGED from [com.google.android.gms:play-services-maps:15.0.1] AndroidManifest.xml:26:5-28:35
	android:glEsVersion
		ADDED from src\main\AndroidManifest.xml:13:9-41
	android:required
		ADDED from src\main\AndroidManifest.xml:14:9-32
uses-permission#android.permission.ACCESS_FINE_LOCATION
ADDED from src\main\AndroidManifest.xml:20:5-79
	android:name
		ADDED from src\main\AndroidManifest.xml:20:22-76
application
ADDED from src\main\AndroidManifest.xml:22:5-211:19
MERGED from [com.github.ittianyu:BottomNavigationViewEx:2.0.2] AndroidManifest.xml:11:5-12:19
MERGED from [com.github.ittianyu:BottomNavigationViewEx:2.0.2] AndroidManifest.xml:11:5-12:19
MERGED from [com.android.support:design:28.0.0] AndroidManifest.xml:22:5-20
MERGED from [com.android.support:design:28.0.0] AndroidManifest.xml:22:5-20
MERGED from [com.github.dmfs.color-picker:colorpicker-activity:1.1] AndroidManifest.xml:9:5-20:19
MERGED from [com.github.dmfs.color-picker:colorpicker-activity:1.1] AndroidManifest.xml:9:5-20:19
MERGED from [com.google.android.gms:play-services-maps:15.0.1] AndroidManifest.xml:30:5-20
MERGED from [com.google.android.gms:play-services-maps:15.0.1] AndroidManifest.xml:30:5-20
MERGED from [com.google.android.gms:play-services-base:15.0.1] AndroidManifest.xml:22:5-27:19
MERGED from [com.google.android.gms:play-services-base:15.0.1] AndroidManifest.xml:22:5-27:19
MERGED from [com.google.android.gms:play-services-tasks:15.0.1] AndroidManifest.xml:7:5-20
MERGED from [com.google.android.gms:play-services-tasks:15.0.1] AndroidManifest.xml:7:5-20
MERGED from [com.google.android.gms:play-services-basement:15.0.1] AndroidManifest.xml:22:5-26:19
MERGED from [com.google.android.gms:play-services-basement:15.0.1] AndroidManifest.xml:22:5-26:19
MERGED from [com.squareup.picasso:picasso:2.71828] AndroidManifest.xml:7:5-12:19
MERGED from [com.squareup.picasso:picasso:2.71828] AndroidManifest.xml:7:5-12:19
MERGED from [com.android.support.constraint:constraint-layout:1.1.2] AndroidManifest.xml:9:5-20
MERGED from [com.android.support.constraint:constraint-layout:1.1.2] AndroidManifest.xml:9:5-20
MERGED from [de.hdodenhof:circleimageview:2.1.0] AndroidManifest.xml:9:5-20
MERGED from [de.hdodenhof:circleimageview:2.1.0] AndroidManifest.xml:9:5-20
MERGED from [com.android.support:support-compat:28.0.0] AndroidManifest.xml:22:5-94
MERGED from [com.android.support:support-compat:28.0.0] AndroidManifest.xml:22:5-94
MERGED from [com.android.support:versionedparcelable:28.0.0] AndroidManifest.xml:22:5-23:19
MERGED from [com.android.support:versionedparcelable:28.0.0] AndroidManifest.xml:22:5-23:19
	android:appComponentFactory
		ADDED from [com.android.support:support-compat:28.0.0] AndroidManifest.xml:22:18-91
	android:supportsRtl
		ADDED from src\main\AndroidManifest.xml:27:9-35
	android:label
		ADDED from src\main\AndroidManifest.xml:25:9-41
	tools:ignore
		ADDED from src\main\AndroidManifest.xml:29:9-48
	android:roundIcon
		ADDED from src\main\AndroidManifest.xml:26:9-54
	android:icon
		ADDED from src\main\AndroidManifest.xml:24:9-43
	android:allowBackup
		ADDED from src\main\AndroidManifest.xml:23:9-35
	android:theme
		ADDED from src\main\AndroidManifest.xml:28:9-40
provider#android.support.v4.content.FileProvider
ADDED from src\main\AndroidManifest.xml:30:9-38:20
	android:grantUriPermissions
		ADDED from src\main\AndroidManifest.xml:34:13-47
	android:authorities
		ADDED from src\main\AndroidManifest.xml:32:13-78
	android:exported
		ADDED from src\main\AndroidManifest.xml:33:13-37
	android:name
		ADDED from src\main\AndroidManifest.xml:31:13-67
meta-data#android.support.FILE_PROVIDER_PATHS
ADDED from src\main\AndroidManifest.xml:35:13-37:54
	android:resource
		ADDED from src\main\AndroidManifest.xml:37:17-51
	android:name
		ADDED from src\main\AndroidManifest.xml:36:17-67
uses-library#org.apache.http.legacy
ADDED from src\main\AndroidManifest.xml:40:9-42:40
	android:required
		ADDED from src\main\AndroidManifest.xml:42:13-37
	android:name
		ADDED from src\main\AndroidManifest.xml:41:13-50
activity#bola.wiradipa.org.lapanganbola.CarilawanActivity
ADDED from src\main\AndroidManifest.xml:44:9-55
	android:name
		ADDED from src\main\AndroidManifest.xml:44:19-52
activity#bola.wiradipa.org.lapanganbola.MainActivity
ADDED from src\main\AndroidManifest.xml:45:9-53:20
	android:screenOrientation
		ADDED from src\main\AndroidManifest.xml:47:13-49
	android:name
		ADDED from src\main\AndroidManifest.xml:46:13-41
intent-filter#action:name:android.intent.action.MAIN+category:name:android.intent.category.LAUNCHER
ADDED from src\main\AndroidManifest.xml:48:13-52:29
action#android.intent.action.MAIN
ADDED from src\main\AndroidManifest.xml:49:17-69
	android:name
		ADDED from src\main\AndroidManifest.xml:49:25-66
category#android.intent.category.LAUNCHER
ADDED from src\main\AndroidManifest.xml:51:17-77
	android:name
		ADDED from src\main\AndroidManifest.xml:51:27-74
activity#bola.wiradipa.org.lapanganbola.RegisterActivity
ADDED from src\main\AndroidManifest.xml:54:9-58:76
	android:screenOrientation
		ADDED from src\main\AndroidManifest.xml:57:13-49
	android:label
		ADDED from src\main\AndroidManifest.xml:56:13-60
	android:windowSoftInputMode
		ADDED from src\main\AndroidManifest.xml:58:13-73
	android:name
		ADDED from src\main\AndroidManifest.xml:55:13-45
activity#bola.wiradipa.org.lapanganbola.ActivationActivity
ADDED from src\main\AndroidManifest.xml:59:9-63:76
	android:screenOrientation
		ADDED from src\main\AndroidManifest.xml:62:13-49
	android:label
		ADDED from src\main\AndroidManifest.xml:61:13-62
	android:windowSoftInputMode
		ADDED from src\main\AndroidManifest.xml:63:13-73
	android:name
		ADDED from src\main\AndroidManifest.xml:60:13-47
activity#bola.wiradipa.org.lapanganbola.ForgotPasswordActivity
ADDED from src\main\AndroidManifest.xml:64:9-68:76
	android:screenOrientation
		ADDED from src\main\AndroidManifest.xml:67:13-49
	android:label
		ADDED from src\main\AndroidManifest.xml:66:13-67
	android:windowSoftInputMode
		ADDED from src\main\AndroidManifest.xml:68:13-73
	android:name
		ADDED from src\main\AndroidManifest.xml:65:13-51
activity#bola.wiradipa.org.lapanganbola.LoginActivity
ADDED from src\main\AndroidManifest.xml:69:9-73:76
	android:screenOrientation
		ADDED from src\main\AndroidManifest.xml:72:13-49
	android:label
		ADDED from src\main\AndroidManifest.xml:71:13-57
	android:windowSoftInputMode
		ADDED from src\main\AndroidManifest.xml:73:13-73
	android:name
		ADDED from src\main\AndroidManifest.xml:70:13-42
activity#bola.wiradipa.org.lapanganbola.DetailVenueActivity
ADDED from src\main\AndroidManifest.xml:74:9-77:52
	android:screenOrientation
		ADDED from src\main\AndroidManifest.xml:77:13-49
	android:label
		ADDED from src\main\AndroidManifest.xml:76:13-64
	android:name
		ADDED from src\main\AndroidManifest.xml:75:13-48
activity#bola.wiradipa.org.lapanganbola.FieldsActivity
ADDED from src\main\AndroidManifest.xml:78:9-81:52
	android:screenOrientation
		ADDED from src\main\AndroidManifest.xml:81:13-49
	android:label
		ADDED from src\main\AndroidManifest.xml:80:13-58
	android:name
		ADDED from src\main\AndroidManifest.xml:79:13-43
activity#bola.wiradipa.org.lapanganbola.DetailFieldActivity
ADDED from src\main\AndroidManifest.xml:82:9-86:59
	android:screenOrientation
		ADDED from src\main\AndroidManifest.xml:85:13-49
	android:label
		ADDED from src\main\AndroidManifest.xml:84:13-58
	android:theme
		ADDED from src\main\AndroidManifest.xml:86:13-56
	android:name
		ADDED from src\main\AndroidManifest.xml:83:13-48
activity#bola.wiradipa.org.lapanganbola.VenuesActivity
ADDED from src\main\AndroidManifest.xml:87:9-90:52
	android:screenOrientation
		ADDED from src\main\AndroidManifest.xml:90:13-49
	android:label
		ADDED from src\main\AndroidManifest.xml:89:13-58
	android:name
		ADDED from src\main\AndroidManifest.xml:88:13-43
activity#bola.wiradipa.org.lapanganbola.FilterVenuesActivity
ADDED from src\main\AndroidManifest.xml:91:9-94:52
	android:screenOrientation
		ADDED from src\main\AndroidManifest.xml:94:13-49
	android:label
		ADDED from src\main\AndroidManifest.xml:93:13-65
	android:name
		ADDED from src\main\AndroidManifest.xml:92:13-49
activity#bola.wiradipa.org.lapanganbola.RentActivity
ADDED from src\main\AndroidManifest.xml:95:9-98:52
	android:screenOrientation
		ADDED from src\main\AndroidManifest.xml:98:13-49
	android:label
		ADDED from src\main\AndroidManifest.xml:97:13-56
	android:name
		ADDED from src\main\AndroidManifest.xml:96:13-41
activity#bola.wiradipa.org.lapanganbola.DetailRentActivity
ADDED from src\main\AndroidManifest.xml:99:9-102:52
	android:screenOrientation
		ADDED from src\main\AndroidManifest.xml:102:13-49
	android:label
		ADDED from src\main\AndroidManifest.xml:101:13-63
	android:name
		ADDED from src\main\AndroidManifest.xml:100:13-47
activity#bola.wiradipa.org.lapanganbola.SearchCityActivity
ADDED from src\main\AndroidManifest.xml:103:9-106:52
	android:screenOrientation
		ADDED from src\main\AndroidManifest.xml:106:13-49
	android:label
		ADDED from src\main\AndroidManifest.xml:105:13-63
	android:name
		ADDED from src\main\AndroidManifest.xml:104:13-47
activity#bola.wiradipa.org.lapanganbola.ProfileActivity
ADDED from src\main\AndroidManifest.xml:107:9-110:52
	android:screenOrientation
		ADDED from src\main\AndroidManifest.xml:110:13-49
	android:label
		ADDED from src\main\AndroidManifest.xml:109:13-59
	android:name
		ADDED from src\main\AndroidManifest.xml:108:13-44
activity#bola.wiradipa.org.lapanganbola.EditProfileActivity
ADDED from src\main\AndroidManifest.xml:111:9-114:52
	android:screenOrientation
		ADDED from src\main\AndroidManifest.xml:114:13-49
	android:label
		ADDED from src\main\AndroidManifest.xml:113:13-64
	android:name
		ADDED from src\main\AndroidManifest.xml:112:13-48
activity#bola.wiradipa.org.lapanganbola.MatchesActivity
ADDED from src\main\AndroidManifest.xml:115:9-118:52
	android:screenOrientation
		ADDED from src\main\AndroidManifest.xml:118:13-49
	android:label
		ADDED from src\main\AndroidManifest.xml:117:13-59
	android:name
		ADDED from src\main\AndroidManifest.xml:116:13-44
activity#bola.wiradipa.org.lapanganbola.ShareActivity
ADDED from src\main\AndroidManifest.xml:119:9-122:52
	android:screenOrientation
		ADDED from src\main\AndroidManifest.xml:122:13-49
	android:label
		ADDED from src\main\AndroidManifest.xml:121:13-57
	android:name
		ADDED from src\main\AndroidManifest.xml:120:13-42
activity#bola.wiradipa.org.lapanganbola.UploadCardActivity
ADDED from src\main\AndroidManifest.xml:123:9-126:52
	android:screenOrientation
		ADDED from src\main\AndroidManifest.xml:126:13-49
	android:label
		ADDED from src\main\AndroidManifest.xml:125:13-62
	android:name
		ADDED from src\main\AndroidManifest.xml:124:13-47
activity#bola.wiradipa.org.lapanganbola.StatisticActivity
ADDED from src\main\AndroidManifest.xml:127:9-130:52
	android:screenOrientation
		ADDED from src\main\AndroidManifest.xml:130:13-49
	android:label
		ADDED from src\main\AndroidManifest.xml:129:13-61
	android:name
		ADDED from src\main\AndroidManifest.xml:128:13-46
activity#bola.wiradipa.org.lapanganbola.OrdersActivity
ADDED from src\main\AndroidManifest.xml:131:9-134:52
	android:screenOrientation
		ADDED from src\main\AndroidManifest.xml:134:13-49
	android:label
		ADDED from src\main\AndroidManifest.xml:133:13-58
	android:name
		ADDED from src\main\AndroidManifest.xml:132:13-43
activity#bola.wiradipa.org.lapanganbola.DetailOrderActivity
ADDED from src\main\AndroidManifest.xml:135:9-138:52
	android:screenOrientation
		ADDED from src\main\AndroidManifest.xml:138:13-49
	android:label
		ADDED from src\main\AndroidManifest.xml:137:13-64
	android:name
		ADDED from src\main\AndroidManifest.xml:136:13-48
activity#bola.wiradipa.org.lapanganbola.SettingActivity
ADDED from src\main\AndroidManifest.xml:139:9-142:52
	android:screenOrientation
		ADDED from src\main\AndroidManifest.xml:142:13-49
	android:label
		ADDED from src\main\AndroidManifest.xml:141:13-59
	android:name
		ADDED from src\main\AndroidManifest.xml:140:13-44
activity#bola.wiradipa.org.lapanganbola.ImageActivity
ADDED from src\main\AndroidManifest.xml:143:9-146:52
	android:screenOrientation
		ADDED from src\main\AndroidManifest.xml:146:13-49
	android:label
		ADDED from src\main\AndroidManifest.xml:145:13-57
	android:name
		ADDED from src\main\AndroidManifest.xml:144:13-42
activity#com.theartofdev.edmodo.cropper.CropImageActivity
ADDED from src\main\AndroidManifest.xml:147:9-149:52
	android:screenOrientation
		ADDED from src\main\AndroidManifest.xml:149:13-49
	android:name
		ADDED from src\main\AndroidManifest.xml:148:13-76
meta-data#com.google.android.geo.API_KEY
ADDED from src\main\AndroidManifest.xml:158:9-160:55
	android:value
		ADDED from src\main\AndroidManifest.xml:160:13-52
	android:name
		ADDED from src\main\AndroidManifest.xml:159:13-58
activity#bola.wiradipa.org.lapanganbola.Role_Activity
ADDED from src\main\AndroidManifest.xml:162:9-164:32
	android:label
		ADDED from src\main\AndroidManifest.xml:164:13-29
	android:name
		ADDED from src\main\AndroidManifest.xml:163:13-42
activity#bola.wiradipa.org.lapanganbola.PaymentActivity
ADDED from src\main\AndroidManifest.xml:165:9-171:20
	android:label
		ADDED from src\main\AndroidManifest.xml:167:13-39
	android:name
		ADDED from src\main\AndroidManifest.xml:166:13-44
meta-data#android.support.PARENT_ACTIVITY
ADDED from src\main\AndroidManifest.xml:168:13-170:59
	android:value
		ADDED from src\main\AndroidManifest.xml:170:17-56
	android:name
		ADDED from src\main\AndroidManifest.xml:169:17-63
activity#bola.wiradipa.org.lapanganbola.DetailLapanganActivity
ADDED from src\main\AndroidManifest.xml:172:9-178:20
	android:label
		ADDED from src\main\AndroidManifest.xml:174:13-44
	android:name
		ADDED from src\main\AndroidManifest.xml:173:13-51
activity#bola.wiradipa.org.lapanganbola.JadwalActivity
ADDED from src\main\AndroidManifest.xml:179:9-185:20
	android:label
		ADDED from src\main\AndroidManifest.xml:181:13-43
	android:name
		ADDED from src\main\AndroidManifest.xml:180:13-43
activity#bola.wiradipa.org.lapanganbola.AkanDatangActivity
ADDED from src\main\AndroidManifest.xml:186:9-192:20
	android:label
		ADDED from src\main\AndroidManifest.xml:188:13-43
	android:name
		ADDED from src\main\AndroidManifest.xml:187:13-47
activity#bola.wiradipa.org.lapanganbola.ProfilActivity
ADDED from src\main\AndroidManifest.xml:193:9-199:20
	android:label
		ADDED from src\main\AndroidManifest.xml:195:13-41
	android:name
		ADDED from src\main\AndroidManifest.xml:194:13-43
activity#bola.wiradipa.org.lapanganbola.AjakTandingActivity
ADDED from src\main\AndroidManifest.xml:200:9-206:20
	android:label
		ADDED from src\main\AndroidManifest.xml:202:13-41
	android:name
		ADDED from src\main\AndroidManifest.xml:201:13-48
activity#bola.wiradipa.org.lapanganbola.DetailPertandinganActivity
ADDED from src\main\AndroidManifest.xml:207:9-209:60
	android:label
		ADDED from src\main\AndroidManifest.xml:209:13-48
	android:name
		ADDED from src\main\AndroidManifest.xml:208:13-55
activity#bola.wiradipa.org.lapanganbola.BuatPertandinganActivity
ADDED from src\main\AndroidManifest.xml:210:9-71
	android:name
		ADDED from src\main\AndroidManifest.xml:210:19-59
uses-sdk
INJECTED from src\main\AndroidManifest.xml reason: use-sdk injection requested
INJECTED from src\main\AndroidManifest.xml
INJECTED from src\main\AndroidManifest.xml
MERGED from [com.github.ittianyu:BottomNavigationViewEx:2.0.2] AndroidManifest.xml:7:5-9:41
MERGED from [com.github.ittianyu:BottomNavigationViewEx:2.0.2] AndroidManifest.xml:7:5-9:41
MERGED from [com.android.support:design:28.0.0] AndroidManifest.xml:20:5-44
MERGED from [com.android.support:design:28.0.0] AndroidManifest.xml:20:5-44
MERGED from [com.theartofdev.edmodo:android-image-cropper:2.7.0] AndroidManifest.xml:7:5-9:41
MERGED from [com.theartofdev.edmodo:android-image-cropper:2.7.0] AndroidManifest.xml:7:5-9:41
MERGED from [com.github.dmfs.color-picker:colorpicker-activity:1.1] AndroidManifest.xml:5:5-7:41
MERGED from [com.github.dmfs.color-picker:colorpicker-activity:1.1] AndroidManifest.xml:5:5-7:41
MERGED from [com.android.support:appcompat-v7:28.0.0] AndroidManifest.xml:20:5-44
MERGED from [com.android.support:appcompat-v7:28.0.0] AndroidManifest.xml:20:5-44
MERGED from [com.android.support:animated-vector-drawable:28.0.0] AndroidManifest.xml:20:5-44
MERGED from [com.android.support:animated-vector-drawable:28.0.0] AndroidManifest.xml:20:5-44
MERGED from [com.android.support:support-vector-drawable:28.0.0] AndroidManifest.xml:20:5-44
MERGED from [com.android.support:support-vector-drawable:28.0.0] AndroidManifest.xml:20:5-44
MERGED from [com.google.android.gms:play-services-maps:15.0.1] AndroidManifest.xml:20:5-44
MERGED from [com.google.android.gms:play-services-maps:15.0.1] AndroidManifest.xml:20:5-44
MERGED from [com.google.android.gms:play-services-base:15.0.1] AndroidManifest.xml:20:5-44
MERGED from [com.google.android.gms:play-services-base:15.0.1] AndroidManifest.xml:20:5-44
MERGED from [com.google.android.gms:play-services-tasks:15.0.1] AndroidManifest.xml:5:5-44
MERGED from [com.google.android.gms:play-services-tasks:15.0.1] AndroidManifest.xml:5:5-44
MERGED from [com.google.android.gms:play-services-basement:15.0.1] AndroidManifest.xml:20:5-44
MERGED from [com.google.android.gms:play-services-basement:15.0.1] AndroidManifest.xml:20:5-44
MERGED from [com.github.dmfs.color-picker:colorpicker:1.1] AndroidManifest.xml:6:5-8:41
MERGED from [com.github.dmfs.color-picker:colorpicker:1.1] AndroidManifest.xml:6:5-8:41
MERGED from [com.android.support:support-v4:28.0.0] AndroidManifest.xml:20:5-44
MERGED from [com.android.support:support-v4:28.0.0] AndroidManifest.xml:20:5-44
MERGED from [com.squareup.picasso:picasso:2.71828] AndroidManifest.xml:5:5-44
MERGED from [com.squareup.picasso:picasso:2.71828] AndroidManifest.xml:5:5-44
MERGED from [com.android.support:exifinterface:28.0.0] AndroidManifest.xml:20:5-44
MERGED from [com.android.support:exifinterface:28.0.0] AndroidManifest.xml:20:5-44
MERGED from [com.android.support.constraint:constraint-layout:1.1.2] AndroidManifest.xml:5:5-7:41
MERGED from [com.android.support.constraint:constraint-layout:1.1.2] AndroidManifest.xml:5:5-7:41
MERGED from [de.hdodenhof:circleimageview:2.1.0] AndroidManifest.xml:5:5-7:41
MERGED from [de.hdodenhof:circleimageview:2.1.0] AndroidManifest.xml:5:5-7:41
MERGED from [com.android.support:cardview-v7:28.0.0] AndroidManifest.xml:20:5-44
MERGED from [com.android.support:cardview-v7:28.0.0] AndroidManifest.xml:20:5-44
MERGED from [com.android.support:recyclerview-v7:28.0.0] AndroidManifest.xml:20:5-44
MERGED from [com.android.support:recyclerview-v7:28.0.0] AndroidManifest.xml:20:5-44
MERGED from [com.android.support:support-fragment:28.0.0] AndroidManifest.xml:20:5-44
MERGED from [com.android.support:support-fragment:28.0.0] AndroidManifest.xml:20:5-44
MERGED from [com.android.support:support-core-ui:28.0.0] AndroidManifest.xml:20:5-44
MERGED from [com.android.support:support-core-ui:28.0.0] AndroidManifest.xml:20:5-44
MERGED from [com.android.support:support-core-utils:28.0.0] AndroidManifest.xml:20:5-44
MERGED from [com.android.support:support-core-utils:28.0.0] AndroidManifest.xml:20:5-44
MERGED from [com.android.support:transition:28.0.0] AndroidManifest.xml:20:5-44
MERGED from [com.android.support:transition:28.0.0] AndroidManifest.xml:20:5-44
MERGED from [com.android.support:viewpager:28.0.0] AndroidManifest.xml:20:5-44
MERGED from [com.android.support:viewpager:28.0.0] AndroidManifest.xml:20:5-44
MERGED from [com.android.support:coordinatorlayout:28.0.0] AndroidManifest.xml:20:5-44
MERGED from [com.android.support:coordinatorlayout:28.0.0] AndroidManifest.xml:20:5-44
MERGED from [com.android.support:drawerlayout:28.0.0] AndroidManifest.xml:20:5-44
MERGED from [com.android.support:drawerlayout:28.0.0] AndroidManifest.xml:20:5-44
MERGED from [com.android.support:slidingpanelayout:28.0.0] AndroidManifest.xml:20:5-44
MERGED from [com.android.support:slidingpanelayout:28.0.0] AndroidManifest.xml:20:5-44
MERGED from [com.android.support:customview:28.0.0] AndroidManifest.xml:20:5-44
MERGED from [com.android.support:customview:28.0.0] AndroidManifest.xml:20:5-44
MERGED from [com.android.support:swiperefreshlayout:28.0.0] AndroidManifest.xml:20:5-44
MERGED from [com.android.support:swiperefreshlayout:28.0.0] AndroidManifest.xml:20:5-44
MERGED from [com.android.support:asynclayoutinflater:28.0.0] AndroidManifest.xml:20:5-44
MERGED from [com.android.support:asynclayoutinflater:28.0.0] AndroidManifest.xml:20:5-44
MERGED from [com.android.support:loader:28.0.0] AndroidManifest.xml:20:5-44
MERGED from [com.android.support:loader:28.0.0] AndroidManifest.xml:20:5-44
MERGED from [com.android.support:support-media-compat:28.0.0] AndroidManifest.xml:20:5-44
MERGED from [com.android.support:support-media-compat:28.0.0] AndroidManifest.xml:20:5-44
MERGED from [com.android.support:support-compat:28.0.0] AndroidManifest.xml:20:5-44
MERGED from [com.android.support:support-compat:28.0.0] AndroidManifest.xml:20:5-44
MERGED from [com.android.support:versionedparcelable:28.0.0] AndroidManifest.xml:20:5-44
MERGED from [com.android.support:versionedparcelable:28.0.0] AndroidManifest.xml:20:5-44
MERGED from [com.android.support:cursoradapter:28.0.0] AndroidManifest.xml:20:5-44
MERGED from [com.android.support:cursoradapter:28.0.0] AndroidManifest.xml:20:5-44
MERGED from [android.arch.lifecycle:runtime:1.1.1] AndroidManifest.xml:20:5-44
MERGED from [android.arch.lifecycle:runtime:1.1.1] AndroidManifest.xml:20:5-44
MERGED from [com.android.support:interpolator:28.0.0] AndroidManifest.xml:20:5-44
MERGED from [com.android.support:interpolator:28.0.0] AndroidManifest.xml:20:5-44
MERGED from [com.android.support:documentfile:28.0.0] AndroidManifest.xml:20:5-44
MERGED from [com.android.support:documentfile:28.0.0] AndroidManifest.xml:20:5-44
MERGED from [com.android.support:localbroadcastmanager:28.0.0] AndroidManifest.xml:20:5-44
MERGED from [com.android.support:localbroadcastmanager:28.0.0] AndroidManifest.xml:20:5-44
MERGED from [com.android.support:print:28.0.0] AndroidManifest.xml:20:5-44
MERGED from [com.android.support:print:28.0.0] AndroidManifest.xml:20:5-44
MERGED from [android.arch.lifecycle:viewmodel:1.1.1] AndroidManifest.xml:20:5-44
MERGED from [android.arch.lifecycle:viewmodel:1.1.1] AndroidManifest.xml:20:5-44
MERGED from [android.arch.lifecycle:livedata:1.1.1] AndroidManifest.xml:20:5-44
MERGED from [android.arch.lifecycle:livedata:1.1.1] AndroidManifest.xml:20:5-44
MERGED from [android.arch.lifecycle:livedata-core:1.1.1] AndroidManifest.xml:20:5-44
MERGED from [android.arch.lifecycle:livedata-core:1.1.1] AndroidManifest.xml:20:5-44
MERGED from [android.arch.core:runtime:1.1.1] AndroidManifest.xml:20:5-44
MERGED from [android.arch.core:runtime:1.1.1] AndroidManifest.xml:20:5-44
INJECTED from src\main\AndroidManifest.xml
INJECTED from src\main\AndroidManifest.xml
	android:targetSdkVersion
		INJECTED from src\main\AndroidManifest.xml
		ADDED from src\main\AndroidManifest.xml
		INJECTED from src\main\AndroidManifest.xml
	android:minSdkVersion
		INJECTED from src\main\AndroidManifest.xml
		ADDED from src\main\AndroidManifest.xml
		INJECTED from src\main\AndroidManifest.xml
activity#org.dmfs.android.colorpicker.activity.ColorPickerActivity
ADDED from [com.github.dmfs.color-picker:colorpicker-activity:1.1] AndroidManifest.xml:10:9-19:20
	android:exported
		ADDED from [com.github.dmfs.color-picker:colorpicker-activity:1.1] AndroidManifest.xml:12:13-37
	android:theme
		ADDED from [com.github.dmfs.color-picker:colorpicker-activity:1.1] AndroidManifest.xml:13:13-65
	android:name
		ADDED from [com.github.dmfs.color-picker:colorpicker-activity:1.1] AndroidManifest.xml:11:13-85
intent-filter#action:name:org.openintents.action.PICK_COLOR+category:name:android.intent.category.DEFAULT
ADDED from [com.github.dmfs.color-picker:colorpicker-activity:1.1] AndroidManifest.xml:14:13-18:29